{"type":"server-started","port":54834,"host":"127.0.0.1","url_host":"localhost","url":"http://localhost:54834","screen_dir":"/Users/10ta210/Desktop/inryoku/.superpowers/brainstorm/73218-1775773802/content","state_dir":"/Users/10ta210/Desktop/inryoku/.superpowers/brainstorm/73218-1775773802/state"}
{"type":"screen-added","file":"/Users/10ta210/Desktop/inryoku/.superpowers/brainstorm/73218-1775773802/content/product-display-options.html"}
{"type":"screen-updated","file":"/Users/10ta210/Desktop/inryoku/.superpowers/brainstorm/73218-1775773802/content/product-display-options.html"}
{"type":"screen-updated","file":"/Users/10ta210/Desktop/inryoku/.superpowers/brainstorm/73218-1775773802/content/product-display-options.html"}
{"type":"screen-updated","file":"/Users/10ta210/Desktop/inryoku/.superpowers/brainstorm/73218-1775773802/content/product-display-options.html"}
{"type":"screen-added","file":"/Users/10ta210/Desktop/inryoku/.superpowers/brainstorm/73218-1775773802/content/window-styles.html"}
{"type":"screen-updated","file":"/Users/10ta210/Desktop/inryoku/.superpowers/brainstorm/73218-1775773802/content/window-styles.html"}
{"type":"screen-updated","file":"/Users/10ta210/Desktop/inryoku/.superpowers/brainstorm/73218-1775773802/content/window-styles.html"}
{"type":"screen-updated","file":"/Users/10ta210/Desktop/inryoku/.superpowers/brainstorm/73218-1775773802/content/window-styles.html"}
{"type":"screen-added","file":"/Users/10ta210/Desktop/inryoku/.superpowers/brainstorm/73218-1775773802/content/window-styles-v2.html"}
{"type":"screen-updated","file":"/Users/10ta210/Desktop/inryoku/.superpowers/brainstorm/73218-1775773802/content/window-styles-v2.html"}
{"type":"screen-updated","file":"/Users/10ta210/Desktop/inryoku/.superpowers/brainstorm/73218-1775773802/content/window-styles-v2.html"}
{"type":"screen-updated","file":"/Users/10ta210/Desktop/inryoku/.superpowers/brainstorm/73218-1775773802/content/window-styles-v2.html"}
{"type":"screen-added","file":"/Users/10ta210/Desktop/inryoku/.superpowers/brainstorm/73218-1775773802/content/compact-designs.html"}
{"type":"screen-updated","file":"/Users/10ta210/Desktop/inryoku/.superpowers/brainstorm/73218-1775773802/content/compact-designs.html"}
{"type":"screen-updated","file":"/Users/10ta210/Desktop/inryoku/.superpowers/brainstorm/73218-1775773802/content/compact-designs.html"}
{"type":"screen-updated","file":"/Users/10ta210/Desktop/inryoku/.superpowers/brainstorm/73218-1775773802/content/compact-designs.html"}
{"type":"screen-updated","file":"/Users/10ta210/Desktop/inryoku/.superpowers/brainstorm/73218-1775773802/content/compact-designs.html"}
{"type":"screen-added","file":"/Users/10ta210/Desktop/inryoku/.superpowers/brainstorm/73218-1775773802/content/more-designs.html"}
{"type":"screen-updated","file":"/Users/10ta210/Desktop/inryoku/.superpowers/brainstorm/73218-1775773802/content/more-designs.html"}
{"type":"screen-updated","file":"/Users/10ta210/Desktop/inryoku/.superpowers/brainstorm/73218-1775773802/content/more-designs.html"}
{"type":"screen-updated","file":"/Users/10ta210/Desktop/inryoku/.superpowers/brainstorm/73218-1775773802/content/more-designs.html"}
{"type":"screen-added","file":"/Users/10ta210/Desktop/inryoku/.superpowers/brainstorm/73218-1775773802/content/all-designs.html"}
{"type":"screen-updated","file":"/Users/10ta210/Desktop/inryoku/.superpowers/brainstorm/73218-1775773802/content/all-designs.html"}
{"type":"screen-updated","file":"/Users/10ta210/Desktop/inryoku/.superpowers/brainstorm/73218-1775773802/content/all-designs.html"}
{"type":"screen-updated","file":"/Users/10ta210/Desktop/inryoku/.superpowers/brainstorm/73218-1775773802/content/all-designs.html"}
{"type":"screen-updated","file":"/Users/10ta210/Desktop/inryoku/.superpowers/brainstorm/73218-1775773802/content/all-designs.html"}
{"type":"screen-added","file":"/Users/10ta210/Desktop/inryoku/.superpowers/brainstorm/73218-1775773802/content/all-compact-designs.html"}
{"type":"screen-updated","file":"/Users/10ta210/Desktop/inryoku/.superpowers/brainstorm/73218-1775773802/content/all-compact-designs.html"}
{"type":"screen-updated","file":"/Users/10ta210/Desktop/inryoku/.superpowers/brainstorm/73218-1775773802/content/all-compact-designs.html"}
{"type":"screen-updated","file":"/Users/10ta210/Desktop/inryoku/.superpowers/brainstorm/73218-1775773802/content/all-compact-designs.html"}
{"type":"screen-updated","file":"/Users/10ta210/Desktop/inryoku/.superpowers/brainstorm/73218-1775773802/content/all-compact-designs.html"}
{"type":"server-stopped","reason":"idle timeout"}
